Analysis & Synthesis report for DE1_SoC
Fri Feb 08 20:46:04 2019
Quartus Prime Version 17.0.0 Build 595 04/25/2017 SJ Lite Edition


---------------------
; Table of Contents ;
---------------------
  1. Legal Notice
  2. Analysis & Synthesis Summary
  3. Analysis & Synthesis Settings
  4. Parallel Compilation
  5. Analysis & Synthesis Source Files Read
  6. Analysis & Synthesis Resource Usage Summary
  7. Analysis & Synthesis Resource Utilization by Entity
  8. Analysis & Synthesis RAM Summary
  9. State Machine - |DE1_SoC|line_drawer:lineswhite|state
 10. Registers Removed During Synthesis
 11. General Register Statistics
 12. Inverted Register Statistics
 13. Registers Packed Into Inferred Megafunctions
 14. Multiplexer Restructuring Statistics (Restructuring Performed)
 15. Source assignments for VGA_framebuffer:fbwhite|altsyncram:framebuffer_rtl_0|altsyncram_acq1:auto_generated
 16. Parameter Settings for User Entity Instance: Top-level Entity: |DE1_SoC
 17. Parameter Settings for User Entity Instance: VGA_framebuffer:fbwhite
 18. Parameter Settings for Inferred Entity Instance: VGA_framebuffer:fbwhite|altsyncram:framebuffer_rtl_0
 19. altsyncram Parameter Settings by Entity Instance
 20. Port Connectivity Checks: "line_drawer:lineswhite"
 21. Port Connectivity Checks: "VGA_framebuffer:fbwhite"
 22. Port Connectivity Checks: "clock_divider:cdiv"
 23. Post-Synthesis Netlist Statistics for Top Partition
 24. Elapsed Time Per Partition
 25. Analysis & Synthesis Messages



----------------
; Legal Notice ;
----------------
Copyright (C) 2017  Intel Corporation. All rights reserved.
Your use of Intel Corporation's design tools, logic functions 
and other software and tools, and its AMPP partner logic 
functions, and any output files from any of the foregoing 
(including device programming or simulation files), and any 
associated documentation or information are expressly subject 
to the terms and conditions of the Intel Program License 
Subscription Agreement, the Intel Quartus Prime License Agreement,
the Intel MegaCore Function License Agreement, or other 
applicable license agreement, including, without limitation, 
that your use is for the sole purpose of programming logic 
devices manufactured by Intel and sold by Intel or its 
authorized distributors.  Please refer to the applicable 
agreement for further details.



+-------------------------------------------------------------------------------+
; Analysis & Synthesis Summary                                                  ;
+---------------------------------+---------------------------------------------+
; Analysis & Synthesis Status     ; Successful - Fri Feb 08 20:46:04 2019       ;
; Quartus Prime Version           ; 17.0.0 Build 595 04/25/2017 SJ Lite Edition ;
; Revision Name                   ; DE1_SoC                                     ;
; Top-level Entity Name           ; DE1_SoC                                     ;
; Family                          ; Cyclone V                                   ;
; Logic utilization (in ALMs)     ; N/A                                         ;
; Total registers                 ; 188                                         ;
; Total pins                      ; 96                                          ;
; Total virtual pins              ; 0                                           ;
; Total block memory bits         ; 307,200                                     ;
; Total DSP Blocks                ; 0                                           ;
; Total HSSI RX PCSs              ; 0                                           ;
; Total HSSI PMA RX Deserializers ; 0                                           ;
; Total HSSI TX PCSs              ; 0                                           ;
; Total HSSI PMA TX Serializers   ; 0                                           ;
; Total PLLs                      ; 0                                           ;
; Total DLLs                      ; 0                                           ;
+---------------------------------+---------------------------------------------+


+---------------------------------------------------------------------------------------------------------------------------+
; Analysis & Synthesis Settings                                                                                             ;
+---------------------------------------------------------------------------------+--------------------+--------------------+
; Option                                                                          ; Setting            ; Default Value      ;
+---------------------------------------------------------------------------------+--------------------+--------------------+
; Device                                                                          ; 5CSEMA5F31C6       ;                    ;
; Top-level entity name                                                           ; DE1_SoC            ; DE1_SoC            ;
; Family name                                                                     ; Cyclone V          ; Cyclone V          ;
; Maximum processors allowed for parallel compilation                             ; 2                  ;                    ;
; State Machine Processing                                                        ; User-Encoded       ; Auto               ;
; Use smart compilation                                                           ; Off                ; Off                ;
; Enable parallel Assembler and TimeQuest Timing Analyzer during compilation      ; On                 ; On                 ;
; Enable compact report table                                                     ; Off                ; Off                ;
; Restructure Multiplexers                                                        ; Auto               ; Auto               ;
; MLAB Add Timing Constraints For Mixed-Port Feed-Through Mode Setting Don't Care ; Off                ; Off                ;
; Create Debugging Nodes for IP Cores                                             ; Off                ; Off                ;
; Preserve fewer node names                                                       ; On                 ; On                 ;
; OpenCore Plus hardware evaluation                                               ; Enable             ; Enable             ;
; Verilog Version                                                                 ; Verilog_2001       ; Verilog_2001       ;
; VHDL Version                                                                    ; VHDL_1993          ; VHDL_1993          ;
; Safe State Machine                                                              ; Off                ; Off                ;
; Extract Verilog State Machines                                                  ; On                 ; On                 ;
; Extract VHDL State Machines                                                     ; On                 ; On                 ;
; Ignore Verilog initial constructs                                               ; Off                ; Off                ;
; Iteration limit for constant Verilog loops                                      ; 5000               ; 5000               ;
; Iteration limit for non-constant Verilog loops                                  ; 250                ; 250                ;
; Add Pass-Through Logic to Inferred RAMs                                         ; On                 ; On                 ;
; Infer RAMs from Raw Logic                                                       ; On                 ; On                 ;
; Parallel Synthesis                                                              ; On                 ; On                 ;
; DSP Block Balancing                                                             ; Auto               ; Auto               ;
; NOT Gate Push-Back                                                              ; On                 ; On                 ;
; Power-Up Don't Care                                                             ; On                 ; On                 ;
; Remove Redundant Logic Cells                                                    ; Off                ; Off                ;
; Remove Duplicate Registers                                                      ; On                 ; On                 ;
; Ignore CARRY Buffers                                                            ; Off                ; Off                ;
; Ignore CASCADE Buffers                                                          ; Off                ; Off                ;
; Ignore GLOBAL Buffers                                                           ; Off                ; Off                ;
; Ignore ROW GLOBAL Buffers                                                       ; Off                ; Off                ;
; Ignore LCELL Buffers                                                            ; Off                ; Off                ;
; Ignore SOFT Buffers                                                             ; On                 ; On                 ;
; Limit AHDL Integers to 32 Bits                                                  ; Off                ; Off                ;
; Optimization Technique                                                          ; Balanced           ; Balanced           ;
; Carry Chain Length                                                              ; 70                 ; 70                 ;
; Auto Carry Chains                                                               ; On                 ; On                 ;
; Auto Open-Drain Pins                                                            ; On                 ; On                 ;
; Perform WYSIWYG Primitive Resynthesis                                           ; Off                ; Off                ;
; Auto ROM Replacement                                                            ; On                 ; On                 ;
; Auto RAM Replacement                                                            ; On                 ; On                 ;
; Auto DSP Block Replacement                                                      ; On                 ; On                 ;
; Auto Shift Register Replacement                                                 ; Auto               ; Auto               ;
; Allow Shift Register Merging across Hierarchies                                 ; Auto               ; Auto               ;
; Auto Clock Enable Replacement                                                   ; On                 ; On                 ;
; Strict RAM Replacement                                                          ; Off                ; Off                ;
; Allow Synchronous Control Signals                                               ; On                 ; On                 ;
; Force Use of Synchronous Clear Signals                                          ; Off                ; Off                ;
; Auto Resource Sharing                                                           ; Off                ; Off                ;
; Allow Any RAM Size For Recognition                                              ; Off                ; Off                ;
; Allow Any ROM Size For Recognition                                              ; Off                ; Off                ;
; Allow Any Shift Register Size For Recognition                                   ; Off                ; Off                ;
; Use LogicLock Constraints during Resource Balancing                             ; On                 ; On                 ;
; Ignore translate_off and synthesis_off directives                               ; Off                ; Off                ;
; Timing-Driven Synthesis                                                         ; On                 ; On                 ;
; Report Parameter Settings                                                       ; On                 ; On                 ;
; Report Source Assignments                                                       ; On                 ; On                 ;
; Report Connectivity Checks                                                      ; On                 ; On                 ;
; Ignore Maximum Fan-Out Assignments                                              ; Off                ; Off                ;
; Synchronization Register Chain Length                                           ; 3                  ; 3                  ;
; PowerPlay Power Optimization During Synthesis                                   ; Normal compilation ; Normal compilation ;
; HDL message level                                                               ; Level2             ; Level2             ;
; Suppress Register Optimization Related Messages                                 ; Off                ; Off                ;
; Number of Removed Registers Reported in Synthesis Report                        ; 5000               ; 5000               ;
; Number of Swept Nodes Reported in Synthesis Report                              ; 5000               ; 5000               ;
; Number of Inverted Registers Reported in Synthesis Report                       ; 100                ; 100                ;
; Clock MUX Protection                                                            ; On                 ; On                 ;
; Auto Gated Clock Conversion                                                     ; Off                ; Off                ;
; Block Design Naming                                                             ; Auto               ; Auto               ;
; SDC constraint protection                                                       ; Off                ; Off                ;
; Synthesis Effort                                                                ; Auto               ; Auto               ;
; Shift Register Replacement - Allow Asynchronous Clear Signal                    ; On                 ; On                 ;
; Pre-Mapping Resynthesis Optimization                                            ; Off                ; Off                ;
; Analysis & Synthesis Message Level                                              ; Medium             ; Medium             ;
; Disable Register Merging Across Hierarchies                                     ; Auto               ; Auto               ;
; Resource Aware Inference For Block RAM                                          ; On                 ; On                 ;
; Automatic Parallel Synthesis                                                    ; On                 ; On                 ;
; Partial Reconfiguration Bitstream ID                                            ; Off                ; Off                ;
+---------------------------------------------------------------------------------+--------------------+--------------------+


+------------------------------------------+
; Parallel Compilation                     ;
+----------------------------+-------------+
; Processors                 ; Number      ;
+----------------------------+-------------+
; Number detected on machine ; 4           ;
; Maximum allowed            ; 2           ;
;                            ;             ;
; Average used               ; 1.00        ;
; Maximum used               ; 2           ;
;                            ;             ;
; Usage by Processor         ; % Time Used ;
;     Processor 1            ; 100.0%      ;
;     Processor 2            ;   0.0%      ;
+----------------------------+-------------+


+----------------------------------------------------------------------------------------------------------------------------------------------------------------------------+
; Analysis & Synthesis Source Files Read                                                                                                                                     ;
+----------------------------------+-----------------+------------------------------+------------------------------------------------------------------------------+---------+
; File Name with User-Entered Path ; Used in Netlist ; File Type                    ; File Name with Absolute Path                                                 ; Library ;
+----------------------------------+-----------------+------------------------------+------------------------------------------------------------------------------+---------+
; VGA_framebuffer.sv               ; yes             ; User SystemVerilog HDL File  ; D:/Padia/EE371 Labs/lab3/VGA_framebuffer.sv                                  ;         ;
; line_drawer.sv                   ; yes             ; User SystemVerilog HDL File  ; D:/Padia/EE371 Labs/lab3/line_drawer.sv                                      ;         ;
; DE1_SoC.sv                       ; yes             ; User SystemVerilog HDL File  ; D:/Padia/EE371 Labs/lab3/DE1_SoC.sv                                          ;         ;
; altsyncram.tdf                   ; yes             ; Megafunction                 ; c:/intelfpga_lite/17.0/quartus/libraries/megafunctions/altsyncram.tdf        ;         ;
; stratix_ram_block.inc            ; yes             ; Megafunction                 ; c:/intelfpga_lite/17.0/quartus/libraries/megafunctions/stratix_ram_block.inc ;         ;
; lpm_mux.inc                      ; yes             ; Megafunction                 ; c:/intelfpga_lite/17.0/quartus/libraries/megafunctions/lpm_mux.inc           ;         ;
; lpm_decode.inc                   ; yes             ; Megafunction                 ; c:/intelfpga_lite/17.0/quartus/libraries/megafunctions/lpm_decode.inc        ;         ;
; aglobal170.inc                   ; yes             ; Megafunction                 ; c:/intelfpga_lite/17.0/quartus/libraries/megafunctions/aglobal170.inc        ;         ;
; a_rdenreg.inc                    ; yes             ; Megafunction                 ; c:/intelfpga_lite/17.0/quartus/libraries/megafunctions/a_rdenreg.inc         ;         ;
; altrom.inc                       ; yes             ; Megafunction                 ; c:/intelfpga_lite/17.0/quartus/libraries/megafunctions/altrom.inc            ;         ;
; altram.inc                       ; yes             ; Megafunction                 ; c:/intelfpga_lite/17.0/quartus/libraries/megafunctions/altram.inc            ;         ;
; altdpram.inc                     ; yes             ; Megafunction                 ; c:/intelfpga_lite/17.0/quartus/libraries/megafunctions/altdpram.inc          ;         ;
; db/altsyncram_acq1.tdf           ; yes             ; Auto-Generated Megafunction  ; D:/Padia/EE371 Labs/lab3/db/altsyncram_acq1.tdf                              ;         ;
; db/decode_3na.tdf                ; yes             ; Auto-Generated Megafunction  ; D:/Padia/EE371 Labs/lab3/db/decode_3na.tdf                                   ;         ;
; db/mux_chb.tdf                   ; yes             ; Auto-Generated Megafunction  ; D:/Padia/EE371 Labs/lab3/db/mux_chb.tdf                                      ;         ;
+----------------------------------+-----------------+------------------------------+------------------------------------------------------------------------------+---------+


+--------------------------------------------------------------+
; Analysis & Synthesis Resource Usage Summary                  ;
+---------------------------------------------+----------------+
; Resource                                    ; Usage          ;
+---------------------------------------------+----------------+
; Estimate of Logic utilization (ALMs needed) ; 241            ;
;                                             ;                ;
; Combinational ALUT usage for logic          ; 378            ;
;     -- 7 input functions                    ; 1              ;
;     -- 6 input functions                    ; 80             ;
;     -- 5 input functions                    ; 59             ;
;     -- 4 input functions                    ; 11             ;
;     -- <=3 input functions                  ; 227            ;
;                                             ;                ;
; Dedicated logic registers                   ; 188            ;
;                                             ;                ;
; I/O pins                                    ; 96             ;
; Total MLAB memory bits                      ; 0              ;
; Total block memory bits                     ; 307200         ;
;                                             ;                ;
; Total DSP Blocks                            ; 0              ;
;                                             ;                ;
; Maximum fan-out node                        ; CLOCK_50~input ;
; Maximum fan-out                             ; 200            ;
; Total fan-out                               ; 3264           ;
; Average fan-out                             ; 4.10           ;
+---------------------------------------------+----------------+


+-------------------------------------------------------------------------------------------------------------------------------------------------------------------------------------------------------------------------------------------------------------------------------------------------------+
; Analysis & Synthesis Resource Utilization by Entity                                                                                                                                                                                                                                                   ;
+-------------------------------------------+---------------------+---------------------------+-------------------+------------+------+--------------+-----------------------------------------------------------------------------------------------------------------+-----------------+--------------+
; Compilation Hierarchy Node                ; Combinational ALUTs ; Dedicated Logic Registers ; Block Memory Bits ; DSP Blocks ; Pins ; Virtual Pins ; Full Hierarchy Name                                                                                             ; Entity Name     ; Library Name ;
+-------------------------------------------+---------------------+---------------------------+-------------------+------------+------+--------------+-----------------------------------------------------------------------------------------------------------------+-----------------+--------------+
; |DE1_SoC                                  ; 378 (37)            ; 188 (26)                  ; 307200            ; 0          ; 96   ; 0            ; |DE1_SoC                                                                                                        ; DE1_SoC         ; work         ;
;    |VGA_framebuffer:fbwhite|              ; 106 (55)            ; 28 (22)                   ; 307200            ; 0          ; 0    ; 0            ; |DE1_SoC|VGA_framebuffer:fbwhite                                                                                ; VGA_framebuffer ; work         ;
;       |altsyncram:framebuffer_rtl_0|      ; 51 (0)              ; 6 (0)                     ; 307200            ; 0          ; 0    ; 0            ; |DE1_SoC|VGA_framebuffer:fbwhite|altsyncram:framebuffer_rtl_0                                                   ; altsyncram      ; work         ;
;          |altsyncram_acq1:auto_generated| ; 51 (0)              ; 6 (6)                     ; 307200            ; 0          ; 0    ; 0            ; |DE1_SoC|VGA_framebuffer:fbwhite|altsyncram:framebuffer_rtl_0|altsyncram_acq1:auto_generated                    ; altsyncram_acq1 ; work         ;
;             |decode_3na:decode2|          ; 38 (38)             ; 0 (0)                     ; 0                 ; 0          ; 0    ; 0            ; |DE1_SoC|VGA_framebuffer:fbwhite|altsyncram:framebuffer_rtl_0|altsyncram_acq1:auto_generated|decode_3na:decode2 ; decode_3na      ; work         ;
;             |mux_chb:mux3|                ; 13 (13)             ; 0 (0)                     ; 0                 ; 0          ; 0    ; 0            ; |DE1_SoC|VGA_framebuffer:fbwhite|altsyncram:framebuffer_rtl_0|altsyncram_acq1:auto_generated|mux_chb:mux3       ; mux_chb         ; work         ;
;    |clock_divider:cdiv|                   ; 22 (22)             ; 22 (22)                   ; 0                 ; 0          ; 0    ; 0            ; |DE1_SoC|clock_divider:cdiv                                                                                     ; clock_divider   ; work         ;
;    |line_drawer:lineswhite|               ; 213 (213)           ; 112 (112)                 ; 0                 ; 0          ; 0    ; 0            ; |DE1_SoC|line_drawer:lineswhite                                                                                 ; line_drawer     ; work         ;
+-------------------------------------------+---------------------+---------------------------+-------------------+------------+------+--------------+-----------------------------------------------------------------------------------------------------------------+-----------------+--------------+
Note: For table entries with two numbers listed, the numbers in parentheses indicate the number of resources of the given type used by the specific entity alone. The numbers listed outside of parentheses indicate the total resources of the given type used by the specific entity and all of its sub-entities in the hierarchy.


+------------------------------------------------------------------------------------------------------------------------------------------------------------------------------------------------------+
; Analysis & Synthesis RAM Summary                                                                                                                                                                     ;
+------------------------------------------------------------------------------------------------+------+------------------+--------------+--------------+--------------+--------------+--------+------+
; Name                                                                                           ; Type ; Mode             ; Port A Depth ; Port A Width ; Port B Depth ; Port B Width ; Size   ; MIF  ;
+------------------------------------------------------------------------------------------------+------+------------------+--------------+--------------+--------------+--------------+--------+------+
; VGA_framebuffer:fbwhite|altsyncram:framebuffer_rtl_0|altsyncram_acq1:auto_generated|ALTSYNCRAM ; AUTO ; Simple Dual Port ; 307200       ; 1            ; 307200       ; 1            ; 307200 ; None ;
+------------------------------------------------------------------------------------------------+------+------------------+--------------+--------------+--------------+--------------+--------+------+


Encoding Type:  User-Encoded
+-------------------------------------------------------+
; State Machine - |DE1_SoC|line_drawer:lineswhite|state ;
+----------+---------+----------------------------------+
; Name     ; state~6 ; state~5                          ;
+----------+---------+----------------------------------+
; state.00 ; 0       ; 0                                ;
; state.01 ; 0       ; 1                                ;
; state.10 ; 1       ; 0                                ;
+----------+---------+----------------------------------+


+--------------------------------------------------------------------------------------+
; Registers Removed During Synthesis                                                   ;
+-------------------------------------------+------------------------------------------+
; Register name                             ; Reason for Removal                       ;
+-------------------------------------------+------------------------------------------+
; color                                     ; Merged with direction                    ;
; d[0]                                      ; Merged with c[0]                         ;
; counter[0]                                ; Merged with c[0]                         ;
; line_drawer:lineswhite|a0[10]             ; Stuck at GND due to stuck port data_in   ;
; line_drawer:lineswhite|b0[0]              ; Merged with line_drawer:lineswhite|a0[0] ;
; clock_divider:cdiv|divided_clocks[22..31] ; Lost fanout                              ;
; line_drawer:lineswhite|a0[9]              ; Stuck at GND due to stuck port data_in   ;
; Total Number of Removed Registers = 16    ;                                          ;
+-------------------------------------------+------------------------------------------+


+------------------------------------------------------+
; General Register Statistics                          ;
+----------------------------------------------+-------+
; Statistic                                    ; Value ;
+----------------------------------------------+-------+
; Total registers                              ; 188   ;
; Number of registers using Synchronous Clear  ; 21    ;
; Number of registers using Synchronous Load   ; 56    ;
; Number of registers using Asynchronous Clear ; 0     ;
; Number of registers using Asynchronous Load  ; 0     ;
; Number of registers using Clock Enable       ; 126   ;
; Number of registers using Preset             ; 0     ;
+----------------------------------------------+-------+


+--------------------------------------------------+
; Inverted Register Statistics                     ;
+----------------------------------------+---------+
; Inverted Register                      ; Fan out ;
+----------------------------------------+---------+
; direction                              ; 22      ;
; c[7]                                   ; 7       ;
; c[8]                                   ; 7       ;
; c[4]                                   ; 8       ;
; d[8]                                   ; 21      ;
; d[3]                                   ; 8       ;
; d[2]                                   ; 10      ;
; d[5]                                   ; 9       ;
; Total number of inverted registers = 8 ;         ;
+----------------------------------------+---------+


+---------------------------------------------------------------------------------------+
; Registers Packed Into Inferred Megafunctions                                          ;
+------------------------------------+-------------------------------------------+------+
; Register Name                      ; Megafunction                              ; Type ;
+------------------------------------+-------------------------------------------+------+
; VGA_framebuffer:fbwhite|pixel_read ; VGA_framebuffer:fbwhite|framebuffer_rtl_0 ; RAM  ;
+------------------------------------+-------------------------------------------+------+


+----------------------------------------------------------------------------------------------------------------------------------------------------------+
; Multiplexer Restructuring Statistics (Restructuring Performed)                                                                                           ;
+--------------------+-----------+---------------+----------------------+------------------------+------------+--------------------------------------------+
; Multiplexer Inputs ; Bus Width ; Baseline Area ; Area if Restructured ; Saving if Restructured ; Registered ; Example Multiplexer Output                 ;
+--------------------+-----------+---------------+----------------------+------------------------+------------+--------------------------------------------+
; 3:1                ; 11 bits   ; 22 LEs        ; 0 LEs                ; 22 LEs                 ; Yes        ; |DE1_SoC|line_drawer:lineswhite|a[6]       ;
; 4:1                ; 20 bits   ; 40 LEs        ; 40 LEs               ; 0 LEs                  ; Yes        ; |DE1_SoC|line_drawer:lineswhite|a0[9]      ;
; 4:1                ; 10 bits   ; 20 LEs        ; 20 LEs               ; 0 LEs                  ; Yes        ; |DE1_SoC|line_drawer:lineswhite|a1[3]      ;
; 4:1                ; 11 bits   ; 22 LEs        ; 22 LEs               ; 0 LEs                  ; Yes        ; |DE1_SoC|line_drawer:lineswhite|delta_x[5] ;
; 4:1                ; 11 bits   ; 22 LEs        ; 0 LEs                ; 22 LEs                 ; Yes        ; |DE1_SoC|line_drawer:lineswhite|b[1]       ;
; 4:1                ; 12 bits   ; 24 LEs        ; 24 LEs               ; 0 LEs                  ; Yes        ; |DE1_SoC|line_drawer:lineswhite|error[8]   ;
+--------------------+-----------+---------------+----------------------+------------------------+------------+--------------------------------------------+


+------------------------------------------------------------------------------------------------------------+
; Source assignments for VGA_framebuffer:fbwhite|altsyncram:framebuffer_rtl_0|altsyncram_acq1:auto_generated ;
+---------------------------------+--------------------+------+----------------------------------------------+
; Assignment                      ; Value              ; From ; To                                           ;
+---------------------------------+--------------------+------+----------------------------------------------+
; OPTIMIZE_POWER_DURING_SYNTHESIS ; NORMAL_COMPILATION ; -    ; -                                            ;
+---------------------------------+--------------------+------+----------------------------------------------+


+-------------------------------------------------------------------------+
; Parameter Settings for User Entity Instance: Top-level Entity: |DE1_SoC ;
+----------------+-------+------------------------------------------------+
; Parameter Name ; Value ; Type                                           ;
+----------------+-------+------------------------------------------------+
; whichClock     ; 21    ; Signed Integer                                 ;
+----------------+-------+------------------------------------------------+
Note: In order to hide this table in the UI and the text report file, please set the "Show Parameter Settings in Synthesis Report" option in "Analysis and Synthesis Settings -> More Settings" to "Off".


+----------------------------------------------------------------------+
; Parameter Settings for User Entity Instance: VGA_framebuffer:fbwhite ;
+----------------+-------------+---------------------------------------+
; Parameter Name ; Value       ; Type                                  ;
+----------------+-------------+---------------------------------------+
; HACTIVE        ; 10100000000 ; Unsigned Binary                       ;
; HFRONT_PORCH   ; 00000100000 ; Unsigned Binary                       ;
; HSYNC          ; 00011000000 ; Unsigned Binary                       ;
; HBACK_PORCH    ; 00001100000 ; Unsigned Binary                       ;
; HTOTAL         ; 11001000000 ; Unsigned Binary                       ;
; VACTIVE        ; 0111100000  ; Unsigned Binary                       ;
; VFRONT_PORCH   ; 0000001010  ; Unsigned Binary                       ;
; VSYNC          ; 0000000010  ; Unsigned Binary                       ;
; VBACK_PORCH    ; 0000100001  ; Unsigned Binary                       ;
; VTOTAL         ; 1000001101  ; Unsigned Binary                       ;
+----------------+-------------+---------------------------------------+
Note: In order to hide this table in the UI and the text report file, please set the "Show Parameter Settings in Synthesis Report" option in "Analysis and Synthesis Settings -> More Settings" to "Off".


+-------------------------------------------------------------------------------------------------------+
; Parameter Settings for Inferred Entity Instance: VGA_framebuffer:fbwhite|altsyncram:framebuffer_rtl_0 ;
+------------------------------------+----------------------+-------------------------------------------+
; Parameter Name                     ; Value                ; Type                                      ;
+------------------------------------+----------------------+-------------------------------------------+
; BYTE_SIZE_BLOCK                    ; 8                    ; Untyped                                   ;
; AUTO_CARRY_CHAINS                  ; ON                   ; AUTO_CARRY                                ;
; IGNORE_CARRY_BUFFERS               ; OFF                  ; IGNORE_CARRY                              ;
; AUTO_CASCADE_CHAINS                ; ON                   ; AUTO_CASCADE                              ;
; IGNORE_CASCADE_BUFFERS             ; OFF                  ; IGNORE_CASCADE                            ;
; WIDTH_BYTEENA                      ; 1                    ; Untyped                                   ;
; OPERATION_MODE                     ; DUAL_PORT            ; Untyped                                   ;
; WIDTH_A                            ; 1                    ; Untyped                                   ;
; WIDTHAD_A                          ; 19                   ; Untyped                                   ;
; NUMWORDS_A                         ; 307200               ; Untyped                                   ;
; OUTDATA_REG_A                      ; UNREGISTERED         ; Untyped                                   ;
; ADDRESS_ACLR_A                     ; NONE                 ; Untyped                                   ;
; OUTDATA_ACLR_A                     ; NONE                 ; Untyped                                   ;
; WRCONTROL_ACLR_A                   ; NONE                 ; Untyped                                   ;
; INDATA_ACLR_A                      ; NONE                 ; Untyped                                   ;
; BYTEENA_ACLR_A                     ; NONE                 ; Untyped                                   ;
; WIDTH_B                            ; 1                    ; Untyped                                   ;
; WIDTHAD_B                          ; 19                   ; Untyped                                   ;
; NUMWORDS_B                         ; 307200               ; Untyped                                   ;
; INDATA_REG_B                       ; CLOCK1               ; Untyped                                   ;
; WRCONTROL_WRADDRESS_REG_B          ; CLOCK1               ; Untyped                                   ;
; RDCONTROL_REG_B                    ; CLOCK0               ; Untyped                                   ;
; ADDRESS_REG_B                      ; CLOCK0               ; Untyped                                   ;
; OUTDATA_REG_B                      ; UNREGISTERED         ; Untyped                                   ;
; BYTEENA_REG_B                      ; CLOCK1               ; Untyped                                   ;
; INDATA_ACLR_B                      ; NONE                 ; Untyped                                   ;
; WRCONTROL_ACLR_B                   ; NONE                 ; Untyped                                   ;
; ADDRESS_ACLR_B                     ; NONE                 ; Untyped                                   ;
; OUTDATA_ACLR_B                     ; NONE                 ; Untyped                                   ;
; RDCONTROL_ACLR_B                   ; NONE                 ; Untyped                                   ;
; BYTEENA_ACLR_B                     ; NONE                 ; Untyped                                   ;
; WIDTH_BYTEENA_A                    ; 1                    ; Untyped                                   ;
; WIDTH_BYTEENA_B                    ; 1                    ; Untyped                                   ;
; RAM_BLOCK_TYPE                     ; AUTO                 ; Untyped                                   ;
; BYTE_SIZE                          ; 8                    ; Untyped                                   ;
; READ_DURING_WRITE_MODE_MIXED_PORTS ; OLD_DATA             ; Untyped                                   ;
; READ_DURING_WRITE_MODE_PORT_A      ; NEW_DATA_NO_NBE_READ ; Untyped                                   ;
; READ_DURING_WRITE_MODE_PORT_B      ; NEW_DATA_NO_NBE_READ ; Untyped                                   ;
; INIT_FILE                          ; UNUSED               ; Untyped                                   ;
; INIT_FILE_LAYOUT                   ; PORT_A               ; Untyped                                   ;
; MAXIMUM_DEPTH                      ; 0                    ; Untyped                                   ;
; CLOCK_ENABLE_INPUT_A               ; NORMAL               ; Untyped                                   ;
; CLOCK_ENABLE_INPUT_B               ; NORMAL               ; Untyped                                   ;
; CLOCK_ENABLE_OUTPUT_A              ; NORMAL               ; Untyped                                   ;
; CLOCK_ENABLE_OUTPUT_B              ; NORMAL               ; Untyped                                   ;
; CLOCK_ENABLE_CORE_A                ; USE_INPUT_CLKEN      ; Untyped                                   ;
; CLOCK_ENABLE_CORE_B                ; USE_INPUT_CLKEN      ; Untyped                                   ;
; ENABLE_ECC                         ; FALSE                ; Untyped                                   ;
; ECC_PIPELINE_STAGE_ENABLED         ; FALSE                ; Untyped                                   ;
; WIDTH_ECCSTATUS                    ; 3                    ; Untyped                                   ;
; DEVICE_FAMILY                      ; Cyclone V            ; Untyped                                   ;
; CBXI_PARAMETER                     ; altsyncram_acq1      ; Untyped                                   ;
+------------------------------------+----------------------+-------------------------------------------+
Note: In order to hide this table in the UI and the text report file, please set the "Show Parameter Settings in Synthesis Report" option in "Analysis and Synthesis Settings -> More Settings" to "Off".


+--------------------------------------------------------------------------------------------------+
; altsyncram Parameter Settings by Entity Instance                                                 ;
+-------------------------------------------+------------------------------------------------------+
; Name                                      ; Value                                                ;
+-------------------------------------------+------------------------------------------------------+
; Number of entity instances                ; 1                                                    ;
; Entity Instance                           ; VGA_framebuffer:fbwhite|altsyncram:framebuffer_rtl_0 ;
;     -- OPERATION_MODE                     ; DUAL_PORT                                            ;
;     -- WIDTH_A                            ; 1                                                    ;
;     -- NUMWORDS_A                         ; 307200                                               ;
;     -- OUTDATA_REG_A                      ; UNREGISTERED                                         ;
;     -- WIDTH_B                            ; 1                                                    ;
;     -- NUMWORDS_B                         ; 307200                                               ;
;     -- ADDRESS_REG_B                      ; CLOCK0                                               ;
;     -- OUTDATA_REG_B                      ; UNREGISTERED                                         ;
;     -- RAM_BLOCK_TYPE                     ; AUTO                                                 ;
;     -- READ_DURING_WRITE_MODE_MIXED_PORTS ; OLD_DATA                                             ;
+-------------------------------------------+------------------------------------------------------+


+----------------------------------------------------+
; Port Connectivity Checks: "line_drawer:lineswhite" ;
+-----------+-------+----------+---------------------+
; Port      ; Type  ; Severity ; Details             ;
+-----------+-------+----------+---------------------+
; reset     ; Input ; Info     ; Stuck at GND        ;
; x0[6..5]  ; Input ; Info     ; Stuck at VCC        ;
; x0[10..7] ; Input ; Info     ; Stuck at GND        ;
; x0[4..3]  ; Input ; Info     ; Stuck at GND        ;
; x0[1..0]  ; Input ; Info     ; Stuck at GND        ;
; x0[2]     ; Input ; Info     ; Stuck at VCC        ;
; y0[3..2]  ; Input ; Info     ; Stuck at VCC        ;
; y0[10..9] ; Input ; Info     ; Stuck at GND        ;
; y0[7..6]  ; Input ; Info     ; Stuck at GND        ;
; y0[1..0]  ; Input ; Info     ; Stuck at GND        ;
; y0[8]     ; Input ; Info     ; Stuck at VCC        ;
; y0[5]     ; Input ; Info     ; Stuck at VCC        ;
; y0[4]     ; Input ; Info     ; Stuck at GND        ;
+-----------+-------+----------+---------------------+


+-----------------------------------------------------+
; Port Connectivity Checks: "VGA_framebuffer:fbwhite" ;
+-------------+-------+----------+--------------------+
; Port        ; Type  ; Severity ; Details            ;
+-------------+-------+----------+--------------------+
; reset       ; Input ; Info     ; Stuck at GND       ;
; pixel_write ; Input ; Info     ; Stuck at VCC       ;
+-------------+-------+----------+--------------------+


+----------------------------------------------------------------------------------------------------------------------------------+
; Port Connectivity Checks: "clock_divider:cdiv"                                                                                   ;
+------------------------+--------+----------+-------------------------------------------------------------------------------------+
; Port                   ; Type   ; Severity ; Details                                                                             ;
+------------------------+--------+----------+-------------------------------------------------------------------------------------+
; divided_clocks[31..22] ; Output ; Info     ; Connected to dangling logic. Logic that only feeds a dangling port will be removed. ;
; divided_clocks[20..0]  ; Output ; Info     ; Connected to dangling logic. Logic that only feeds a dangling port will be removed. ;
+------------------------+--------+----------+-------------------------------------------------------------------------------------+


+-----------------------------------------------------+
; Post-Synthesis Netlist Statistics for Top Partition ;
+-----------------------+-----------------------------+
; Type                  ; Count                       ;
+-----------------------+-----------------------------+
; arriav_ff             ; 188                         ;
;     ENA               ; 60                          ;
;     ENA SCLR          ; 10                          ;
;     ENA SLD           ; 56                          ;
;     SCLR              ; 11                          ;
;     plain             ; 51                          ;
; arriav_lcell_comb     ; 381                         ;
;     arith             ; 166                         ;
;         0 data inputs ; 6                           ;
;         1 data inputs ; 102                         ;
;         2 data inputs ; 46                          ;
;         5 data inputs ; 12                          ;
;     extend            ; 1                           ;
;         7 data inputs ; 1                           ;
;     normal            ; 177                         ;
;         0 data inputs ; 2                           ;
;         1 data inputs ; 13                          ;
;         2 data inputs ; 6                           ;
;         3 data inputs ; 18                          ;
;         4 data inputs ; 11                          ;
;         5 data inputs ; 47                          ;
;         6 data inputs ; 80                          ;
;     shared            ; 37                          ;
;         1 data inputs ; 3                           ;
;         2 data inputs ; 31                          ;
;         3 data inputs ; 3                           ;
; boundary_port         ; 96                          ;
; stratixv_ram_block    ; 38                          ;
;                       ;                             ;
; Max LUT depth         ; 6.10                        ;
; Average LUT depth     ; 3.13                        ;
+-----------------------+-----------------------------+


+-------------------------------+
; Elapsed Time Per Partition    ;
+----------------+--------------+
; Partition Name ; Elapsed Time ;
+----------------+--------------+
; Top            ; 00:00:01     ;
+----------------+--------------+


+-------------------------------+
; Analysis & Synthesis Messages ;
+-------------------------------+
Info: *******************************************************************
Info: Running Quartus Prime Analysis & Synthesis
    Info: Version 17.0.0 Build 595 04/25/2017 SJ Lite Edition
    Info: Processing started: Fri Feb 08 20:45:43 2019
Info: Command: quartus_map --read_settings_files=on --write_settings_files=off DE1_SoC -c DE1_SoC
Info (20032): Parallel compilation is enabled and will use up to 2 processors
Info (12021): Found 1 design units, including 1 entities, in source file vga_framebuffer.sv
    Info (12023): Found entity 1: VGA_framebuffer File: D:/Padia/EE371 Labs/lab3/VGA_framebuffer.sv Line: 7
Info (12021): Found 2 design units, including 2 entities, in source file line_drawer.sv
    Info (12023): Found entity 1: line_drawer File: D:/Padia/EE371 Labs/lab3/line_drawer.sv Line: 1
    Info (12023): Found entity 2: line_drawer_testbench File: D:/Padia/EE371 Labs/lab3/line_drawer.sv Line: 92
Info (12021): Found 2 design units, including 2 entities, in source file de1_soc.sv
    Info (12023): Found entity 1: DE1_SoC File: D:/Padia/EE371 Labs/lab3/DE1_SoC.sv Line: 1
    Info (12023): Found entity 2: clock_divider File: D:/Padia/EE371 Labs/lab3/DE1_SoC.sv Line: 67
Info (12021): Found 1 design units, including 1 entities, in source file sample.sv
    Info (12023): Found entity 1: sample File: D:/Padia/EE371 Labs/lab3/sample.sv Line: 1
Info (12127): Elaborating entity "DE1_SoC" for the top level hierarchy
Warning (10230): Verilog HDL assignment warning at DE1_SoC.sv(53): truncated value with size 32 to match size of target (11) File: D:/Padia/EE371 Labs/lab3/DE1_SoC.sv Line: 53
Warning (10230): Verilog HDL assignment warning at DE1_SoC.sv(55): truncated value with size 32 to match size of target (11) File: D:/Padia/EE371 Labs/lab3/DE1_SoC.sv Line: 55
Warning (10230): Verilog HDL assignment warning at DE1_SoC.sv(57): truncated value with size 32 to match size of target (5) File: D:/Padia/EE371 Labs/lab3/DE1_SoC.sv Line: 57
Info (12128): Elaborating entity "clock_divider" for hierarchy "clock_divider:cdiv" File: D:/Padia/EE371 Labs/lab3/DE1_SoC.sv Line: 32
Info (12128): Elaborating entity "VGA_framebuffer" for hierarchy "VGA_framebuffer:fbwhite" File: D:/Padia/EE371 Labs/lab3/DE1_SoC.sv Line: 45
Info (12128): Elaborating entity "line_drawer" for hierarchy "line_drawer:lineswhite" File: D:/Padia/EE371 Labs/lab3/DE1_SoC.sv Line: 47
Warning (10036): Verilog HDL or VHDL warning at line_drawer.sv(16): object "b1" assigned a value but never read File: D:/Padia/EE371 Labs/lab3/line_drawer.sv Line: 16
Warning (10230): Verilog HDL assignment warning at line_drawer.sv(18): truncated value with size 32 to match size of target (2) File: D:/Padia/EE371 Labs/lab3/line_drawer.sv Line: 18
Info (19000): Inferred 1 megafunctions from design logic
    Info (276029): Inferred altsyncram megafunction from the following design logic: "VGA_framebuffer:fbwhite|framebuffer_rtl_0" 
        Info (286033): Parameter OPERATION_MODE set to DUAL_PORT
        Info (286033): Parameter WIDTH_A set to 1
        Info (286033): Parameter WIDTHAD_A set to 19
        Info (286033): Parameter NUMWORDS_A set to 307200
        Info (286033): Parameter WIDTH_B set to 1
        Info (286033): Parameter WIDTHAD_B set to 19
        Info (286033): Parameter NUMWORDS_B set to 307200
        Info (286033): Parameter ADDRESS_ACLR_A set to NONE
        Info (286033): Parameter OUTDATA_REG_B set to UNREGISTERED
        Info (286033): Parameter ADDRESS_ACLR_B set to NONE
        Info (286033): Parameter OUTDATA_ACLR_B set to NONE
        Info (286033): Parameter ADDRESS_REG_B set to CLOCK0
        Info (286033): Parameter INDATA_ACLR_A set to NONE
        Info (286033): Parameter WRCONTROL_ACLR_A set to NONE
        Info (286033): Parameter READ_DURING_WRITE_MODE_MIXED_PORTS set to OLD_DATA
        Info (286033): Parameter RDCONTROL_REG_B set to CLOCK0
Info (12130): Elaborated megafunction instantiation "VGA_framebuffer:fbwhite|altsyncram:framebuffer_rtl_0"
Info (12133): Instantiated megafunction "VGA_framebuffer:fbwhite|altsyncram:framebuffer_rtl_0" with the following parameter:
    Info (12134): Parameter "OPERATION_MODE" = "DUAL_PORT"
    Info (12134): Parameter "WIDTH_A" = "1"
    Info (12134): Parameter "WIDTHAD_A" = "19"
    Info (12134): Parameter "NUMWORDS_A" = "307200"
    Info (12134): Parameter "WIDTH_B" = "1"
    Info (12134): Parameter "WIDTHAD_B" = "19"
    Info (12134): Parameter "NUMWORDS_B" = "307200"
    Info (12134): Parameter "ADDRESS_ACLR_A" = "NONE"
    Info (12134): Parameter "OUTDATA_REG_B" = "UNREGISTERED"
    Info (12134): Parameter "ADDRESS_ACLR_B" = "NONE"
    Info (12134): Parameter "OUTDATA_ACLR_B" = "NONE"
    Info (12134): Parameter "ADDRESS_REG_B" = "CLOCK0"
    Info (12134): Parameter "INDATA_ACLR_A" = "NONE"
    Info (12134): Parameter "WRCONTROL_ACLR_A" = "NONE"
    Info (12134): Parameter "READ_DURING_WRITE_MODE_MIXED_PORTS" = "OLD_DATA"
    Info (12134): Parameter "RDCONTROL_REG_B" = "CLOCK0"
Info (12021): Found 1 design units, including 1 entities, in source file db/altsyncram_acq1.tdf
    Info (12023): Found entity 1: altsyncram_acq1 File: D:/Padia/EE371 Labs/lab3/db/altsyncram_acq1.tdf Line: 32
Info (12021): Found 1 design units, including 1 entities, in source file db/decode_3na.tdf
    Info (12023): Found entity 1: decode_3na File: D:/Padia/EE371 Labs/lab3/db/decode_3na.tdf Line: 23
Info (12021): Found 1 design units, including 1 entities, in source file db/mux_chb.tdf
    Info (12023): Found entity 1: mux_chb File: D:/Padia/EE371 Labs/lab3/db/mux_chb.tdf Line: 23
Warning (13024): Output pins are stuck at VCC or GND
    Warning (13410): Pin "HEX0[0]" is stuck at VCC File: D:/Padia/EE371 Labs/lab3/DE1_SoC.sv Line: 4
    Warning (13410): Pin "HEX0[1]" is stuck at VCC File: D:/Padia/EE371 Labs/lab3/DE1_SoC.sv Line: 4
    Warning (13410): Pin "HEX0[2]" is stuck at VCC File: D:/Padia/EE371 Labs/lab3/DE1_SoC.sv Line: 4
    Warning (13410): Pin "HEX0[3]" is stuck at VCC File: D:/Padia/EE371 Labs/lab3/DE1_SoC.sv Line: 4
    Warning (13410): Pin "HEX0[4]" is stuck at VCC File: D:/Padia/EE371 Labs/lab3/DE1_SoC.sv Line: 4
    Warning (13410): Pin "HEX0[5]" is stuck at VCC File: D:/Padia/EE371 Labs/lab3/DE1_SoC.sv Line: 4
    Warning (13410): Pin "HEX0[6]" is stuck at VCC File: D:/Padia/EE371 Labs/lab3/DE1_SoC.sv Line: 4
    Warning (13410): Pin "HEX1[0]" is stuck at VCC File: D:/Padia/EE371 Labs/lab3/DE1_SoC.sv Line: 4
    Warning (13410): Pin "HEX1[1]" is stuck at VCC File: D:/Padia/EE371 Labs/lab3/DE1_SoC.sv Line: 4
    Warning (13410): Pin "HEX1[2]" is stuck at VCC File: D:/Padia/EE371 Labs/lab3/DE1_SoC.sv Line: 4
    Warning (13410): Pin "HEX1[3]" is stuck at VCC File: D:/Padia/EE371 Labs/lab3/DE1_SoC.sv Line: 4
    Warning (13410): Pin "HEX1[4]" is stuck at VCC File: D:/Padia/EE371 Labs/lab3/DE1_SoC.sv Line: 4
    Warning (13410): Pin "HEX1[5]" is stuck at VCC File: D:/Padia/EE371 Labs/lab3/DE1_SoC.sv Line: 4
    Warning (13410): Pin "HEX1[6]" is stuck at VCC File: D:/Padia/EE371 Labs/lab3/DE1_SoC.sv Line: 4
    Warning (13410): Pin "HEX2[0]" is stuck at VCC File: D:/Padia/EE371 Labs/lab3/DE1_SoC.sv Line: 4
    Warning (13410): Pin "HEX2[1]" is stuck at VCC File: D:/Padia/EE371 Labs/lab3/DE1_SoC.sv Line: 4
    Warning (13410): Pin "HEX2[2]" is stuck at VCC File: D:/Padia/EE371 Labs/lab3/DE1_SoC.sv Line: 4
    Warning (13410): Pin "HEX2[3]" is stuck at VCC File: D:/Padia/EE371 Labs/lab3/DE1_SoC.sv Line: 4
    Warning (13410): Pin "HEX2[4]" is stuck at VCC File: D:/Padia/EE371 Labs/lab3/DE1_SoC.sv Line: 4
    Warning (13410): Pin "HEX2[5]" is stuck at VCC File: D:/Padia/EE371 Labs/lab3/DE1_SoC.sv Line: 4
    Warning (13410): Pin "HEX2[6]" is stuck at VCC File: D:/Padia/EE371 Labs/lab3/DE1_SoC.sv Line: 4
    Warning (13410): Pin "HEX3[0]" is stuck at VCC File: D:/Padia/EE371 Labs/lab3/DE1_SoC.sv Line: 4
    Warning (13410): Pin "HEX3[1]" is stuck at VCC File: D:/Padia/EE371 Labs/lab3/DE1_SoC.sv Line: 4
    Warning (13410): Pin "HEX3[2]" is stuck at VCC File: D:/Padia/EE371 Labs/lab3/DE1_SoC.sv Line: 4
    Warning (13410): Pin "HEX3[3]" is stuck at VCC File: D:/Padia/EE371 Labs/lab3/DE1_SoC.sv Line: 4
    Warning (13410): Pin "HEX3[4]" is stuck at VCC File: D:/Padia/EE371 Labs/lab3/DE1_SoC.sv Line: 4
    Warning (13410): Pin "HEX3[5]" is stuck at VCC File: D:/Padia/EE371 Labs/lab3/DE1_SoC.sv Line: 4
    Warning (13410): Pin "HEX3[6]" is stuck at VCC File: D:/Padia/EE371 Labs/lab3/DE1_SoC.sv Line: 4
    Warning (13410): Pin "HEX4[0]" is stuck at VCC File: D:/Padia/EE371 Labs/lab3/DE1_SoC.sv Line: 4
    Warning (13410): Pin "HEX4[1]" is stuck at VCC File: D:/Padia/EE371 Labs/lab3/DE1_SoC.sv Line: 4
    Warning (13410): Pin "HEX4[2]" is stuck at VCC File: D:/Padia/EE371 Labs/lab3/DE1_SoC.sv Line: 4
    Warning (13410): Pin "HEX4[3]" is stuck at VCC File: D:/Padia/EE371 Labs/lab3/DE1_SoC.sv Line: 4
    Warning (13410): Pin "HEX4[4]" is stuck at VCC File: D:/Padia/EE371 Labs/lab3/DE1_SoC.sv Line: 4
    Warning (13410): Pin "HEX4[5]" is stuck at VCC File: D:/Padia/EE371 Labs/lab3/DE1_SoC.sv Line: 4
    Warning (13410): Pin "HEX4[6]" is stuck at VCC File: D:/Padia/EE371 Labs/lab3/DE1_SoC.sv Line: 4
    Warning (13410): Pin "HEX5[0]" is stuck at VCC File: D:/Padia/EE371 Labs/lab3/DE1_SoC.sv Line: 4
    Warning (13410): Pin "HEX5[1]" is stuck at VCC File: D:/Padia/EE371 Labs/lab3/DE1_SoC.sv Line: 4
    Warning (13410): Pin "HEX5[2]" is stuck at VCC File: D:/Padia/EE371 Labs/lab3/DE1_SoC.sv Line: 4
    Warning (13410): Pin "HEX5[3]" is stuck at VCC File: D:/Padia/EE371 Labs/lab3/DE1_SoC.sv Line: 4
    Warning (13410): Pin "HEX5[4]" is stuck at VCC File: D:/Padia/EE371 Labs/lab3/DE1_SoC.sv Line: 4
    Warning (13410): Pin "HEX5[5]" is stuck at VCC File: D:/Padia/EE371 Labs/lab3/DE1_SoC.sv Line: 4
    Warning (13410): Pin "HEX5[6]" is stuck at VCC File: D:/Padia/EE371 Labs/lab3/DE1_SoC.sv Line: 4
    Warning (13410): Pin "VGA_SYNC_N" is stuck at VCC File: D:/Padia/EE371 Labs/lab3/DE1_SoC.sv Line: 16
Info (286030): Timing-Driven Synthesis is running
Info (17049): 10 registers lost all their fanouts during netlist optimizations.
Info (16010): Generating hard_block partition "hard_block:auto_generated_inst"
    Info (16011): Adding 0 node(s), including 0 DDIO, 0 PLL, 0 transceiver and 0 LCELL
Warning (21074): Design contains 4 input pin(s) that do not drive logic
    Warning (15610): No output dependent on input pin "KEY[0]" File: D:/Padia/EE371 Labs/lab3/DE1_SoC.sv Line: 6
    Warning (15610): No output dependent on input pin "KEY[1]" File: D:/Padia/EE371 Labs/lab3/DE1_SoC.sv Line: 6
    Warning (15610): No output dependent on input pin "KEY[2]" File: D:/Padia/EE371 Labs/lab3/DE1_SoC.sv Line: 6
    Warning (15610): No output dependent on input pin "KEY[3]" File: D:/Padia/EE371 Labs/lab3/DE1_SoC.sv Line: 6
Info (21057): Implemented 534 device resources after synthesis - the final resource count might be different
    Info (21058): Implemented 15 input pins
    Info (21059): Implemented 81 output pins
    Info (21061): Implemented 400 logic cells
    Info (21064): Implemented 38 RAM segments
Info: Quartus Prime Analysis & Synthesis was successful. 0 errors, 54 warnings
    Info: Peak virtual memory: 4855 megabytes
    Info: Processing ended: Fri Feb 08 20:46:04 2019
    Info: Elapsed time: 00:00:21
    Info: Total CPU time (on all processors): 00:00:39


