Assembler report for DE1_SoC
Thu Feb 21 14:16:43 2019
Quartus Prime Version 17.0.2 Build 602 07/19/2017 SJ Standard Edition


---------------------
; Table of Contents ;
---------------------
  1. Legal Notice
  2. Assembler Summary
  3. Assembler Settings
  4. Assembler Generated Files
  5. Assembler Device Options: D:/Padia/EE371 Labs/Lab4/Task1/output_files/DE1_SoC.sof
  6. Assembler Messages



----------------
; Legal Notice ;
----------------
Copyright (C) 2017  Intel Corporation. All rights reserved.
Your use of Intel Corporation's design tools, logic functions 
and other software and tools, and its AMPP partner logic 
functions, and any output files from any of the foregoing 
(including device programming or simulation files), and any 
associated documentation or information are expressly subject 
to the terms and conditions of the Intel Program License 
Subscription Agreement, the Intel Quartus Prime License Agreement,
the Intel MegaCore Function License Agreement, or other 
applicable license agreement, including, without limitation, 
that your use is for the sole purpose of programming logic 
devices manufactured by Intel and sold by Intel or its 
authorized distributors.  Please refer to the applicable 
agreement for further details.



+---------------------------------------------------------------+
; Assembler Summary                                             ;
+-----------------------+---------------------------------------+
; Assembler Status      ; Successful - Thu Feb 21 14:16:43 2019 ;
; Revision Name         ; DE1_SoC                               ;
; Top-level Entity Name ; DE1_SoC                               ;
; Family                ; Cyclone V                             ;
; Device                ; 5CSEMA5F31C6                          ;
+-----------------------+---------------------------------------+


+----------------------------------+
; Assembler Settings               ;
+--------+---------+---------------+
; Option ; Setting ; Default Value ;
+--------+---------+---------------+


+---------------------------------------------------------+
; Assembler Generated Files                               ;
+---------------------------------------------------------+
; File Name                                               ;
+---------------------------------------------------------+
; D:/Padia/EE371 Labs/Lab4/Task1/output_files/DE1_SoC.sof ;
+---------------------------------------------------------+


+-----------------------------------------------------------------------------------+
; Assembler Device Options: D:/Padia/EE371 Labs/Lab4/Task1/output_files/DE1_SoC.sof ;
+----------------+------------------------------------------------------------------+
; Option         ; Setting                                                          ;
+----------------+------------------------------------------------------------------+
; JTAG usercode  ; 0x00B03F43                                                       ;
; Checksum       ; 0x00B03F43                                                       ;
+----------------+------------------------------------------------------------------+


+--------------------+
; Assembler Messages ;
+--------------------+
Info: *******************************************************************
Info: Running Quartus Prime Assembler
    Info: Version 17.0.2 Build 602 07/19/2017 SJ Standard Edition
    Info: Processing started: Thu Feb 21 14:16:34 2019
Info: Command: quartus_asm --read_settings_files=off --write_settings_files=off DE1_SoC -c DE1_SoC
Warning (18236): Number of processors has not been specified which may cause overloading on shared machines.  Set the global assignment NUM_PARALLEL_PROCESSORS in your QSF to an appropriate value for best performance.
Info (115030): Assembler is generating device programming files
Info: Quartus Prime Assembler was successful. 0 errors, 1 warning
    Info: Peak virtual memory: 4856 megabytes
    Info: Processing ended: Thu Feb 21 14:16:44 2019
    Info: Elapsed time: 00:00:10
    Info: Total CPU time (on all processors): 00:00:07


