Analysis & Synthesis report for DE1_SoC
Sat Feb 23 06:25:54 2019
Quartus Prime Version 17.0.0 Build 595 04/25/2017 SJ Lite Edition


---------------------
; Table of Contents ;
---------------------
  1. Legal Notice
  2. Analysis & Synthesis Summary
  3. Analysis & Synthesis Settings
  4. Parallel Compilation
  5. Analysis & Synthesis Source Files Read
  6. Analysis & Synthesis Resource Usage Summary
  7. Analysis & Synthesis Resource Utilization by Entity
  8. State Machine - |DE1_SoC|controller:c|ps
  9. Registers Removed During Synthesis
 10. Removed Registers Triggering Further Register Optimizations
 11. General Register Statistics
 12. Multiplexer Restructuring Statistics (Restructuring Performed)
 13. Parameter Settings for User Entity Instance: Top-level Entity: |DE1_SoC
 14. Port Connectivity Checks: "clock_divider:cdiv"
 15. Post-Synthesis Netlist Statistics for Top Partition
 16. Elapsed Time Per Partition
 17. Analysis & Synthesis Messages
 18. Analysis & Synthesis Suppressed Messages



----------------
; Legal Notice ;
----------------
Copyright (C) 2017  Intel Corporation. All rights reserved.
Your use of Intel Corporation's design tools, logic functions 
and other software and tools, and its AMPP partner logic 
functions, and any output files from any of the foregoing 
(including device programming or simulation files), and any 
associated documentation or information are expressly subject 
to the terms and conditions of the Intel Program License 
Subscription Agreement, the Intel Quartus Prime License Agreement,
the Intel MegaCore Function License Agreement, or other 
applicable license agreement, including, without limitation, 
that your use is for the sole purpose of programming logic 
devices manufactured by Intel and sold by Intel or its 
authorized distributors.  Please refer to the applicable 
agreement for further details.



+-------------------------------------------------------------------------------+
; Analysis & Synthesis Summary                                                  ;
+---------------------------------+---------------------------------------------+
; Analysis & Synthesis Status     ; Successful - Sat Feb 23 06:25:54 2019       ;
; Quartus Prime Version           ; 17.0.0 Build 595 04/25/2017 SJ Lite Edition ;
; Revision Name                   ; DE1_SoC                                     ;
; Top-level Entity Name           ; DE1_SoC                                     ;
; Family                          ; Cyclone V                                   ;
; Logic utilization (in ALMs)     ; N/A                                         ;
; Total registers                 ; 17                                          ;
; Total pins                      ; 67                                          ;
; Total virtual pins              ; 0                                           ;
; Total block memory bits         ; 0                                           ;
; Total DSP Blocks                ; 0                                           ;
; Total HSSI RX PCSs              ; 0                                           ;
; Total HSSI PMA RX Deserializers ; 0                                           ;
; Total HSSI TX PCSs              ; 0                                           ;
; Total HSSI PMA TX Serializers   ; 0                                           ;
; Total PLLs                      ; 0                                           ;
; Total DLLs                      ; 0                                           ;
+---------------------------------+---------------------------------------------+


+---------------------------------------------------------------------------------------------------------------------------+
; Analysis & Synthesis Settings                                                                                             ;
+---------------------------------------------------------------------------------+--------------------+--------------------+
; Option                                                                          ; Setting            ; Default Value      ;
+---------------------------------------------------------------------------------+--------------------+--------------------+
; Device                                                                          ; 5CSEMA5F31C6       ;                    ;
; Top-level entity name                                                           ; DE1_SoC            ; DE1_SoC            ;
; Family name                                                                     ; Cyclone V          ; Cyclone V          ;
; State Machine Processing                                                        ; User-Encoded       ; Auto               ;
; Use smart compilation                                                           ; Off                ; Off                ;
; Enable parallel Assembler and TimeQuest Timing Analyzer during compilation      ; On                 ; On                 ;
; Enable compact report table                                                     ; Off                ; Off                ;
; Restructure Multiplexers                                                        ; Auto               ; Auto               ;
; MLAB Add Timing Constraints For Mixed-Port Feed-Through Mode Setting Don't Care ; Off                ; Off                ;
; Create Debugging Nodes for IP Cores                                             ; Off                ; Off                ;
; Preserve fewer node names                                                       ; On                 ; On                 ;
; OpenCore Plus hardware evaluation                                               ; Enable             ; Enable             ;
; Verilog Version                                                                 ; Verilog_2001       ; Verilog_2001       ;
; VHDL Version                                                                    ; VHDL_1993          ; VHDL_1993          ;
; Safe State Machine                                                              ; Off                ; Off                ;
; Extract Verilog State Machines                                                  ; On                 ; On                 ;
; Extract VHDL State Machines                                                     ; On                 ; On                 ;
; Ignore Verilog initial constructs                                               ; Off                ; Off                ;
; Iteration limit for constant Verilog loops                                      ; 5000               ; 5000               ;
; Iteration limit for non-constant Verilog loops                                  ; 250                ; 250                ;
; Add Pass-Through Logic to Inferred RAMs                                         ; On                 ; On                 ;
; Infer RAMs from Raw Logic                                                       ; On                 ; On                 ;
; Parallel Synthesis                                                              ; On                 ; On                 ;
; DSP Block Balancing                                                             ; Auto               ; Auto               ;
; NOT Gate Push-Back                                                              ; On                 ; On                 ;
; Power-Up Don't Care                                                             ; On                 ; On                 ;
; Remove Redundant Logic Cells                                                    ; Off                ; Off                ;
; Remove Duplicate Registers                                                      ; On                 ; On                 ;
; Ignore CARRY Buffers                                                            ; Off                ; Off                ;
; Ignore CASCADE Buffers                                                          ; Off                ; Off                ;
; Ignore GLOBAL Buffers                                                           ; Off                ; Off                ;
; Ignore ROW GLOBAL Buffers                                                       ; Off                ; Off                ;
; Ignore LCELL Buffers                                                            ; Off                ; Off                ;
; Ignore SOFT Buffers                                                             ; On                 ; On                 ;
; Limit AHDL Integers to 32 Bits                                                  ; Off                ; Off                ;
; Optimization Technique                                                          ; Balanced           ; Balanced           ;
; Carry Chain Length                                                              ; 70                 ; 70                 ;
; Auto Carry Chains                                                               ; On                 ; On                 ;
; Auto Open-Drain Pins                                                            ; On                 ; On                 ;
; Perform WYSIWYG Primitive Resynthesis                                           ; Off                ; Off                ;
; Auto ROM Replacement                                                            ; On                 ; On                 ;
; Auto RAM Replacement                                                            ; On                 ; On                 ;
; Auto DSP Block Replacement                                                      ; On                 ; On                 ;
; Auto Shift Register Replacement                                                 ; Auto               ; Auto               ;
; Allow Shift Register Merging across Hierarchies                                 ; Auto               ; Auto               ;
; Auto Clock Enable Replacement                                                   ; On                 ; On                 ;
; Strict RAM Replacement                                                          ; Off                ; Off                ;
; Allow Synchronous Control Signals                                               ; On                 ; On                 ;
; Force Use of Synchronous Clear Signals                                          ; Off                ; Off                ;
; Auto Resource Sharing                                                           ; Off                ; Off                ;
; Allow Any RAM Size For Recognition                                              ; Off                ; Off                ;
; Allow Any ROM Size For Recognition                                              ; Off                ; Off                ;
; Allow Any Shift Register Size For Recognition                                   ; Off                ; Off                ;
; Use LogicLock Constraints during Resource Balancing                             ; On                 ; On                 ;
; Ignore translate_off and synthesis_off directives                               ; Off                ; Off                ;
; Timing-Driven Synthesis                                                         ; On                 ; On                 ;
; Report Parameter Settings                                                       ; On                 ; On                 ;
; Report Source Assignments                                                       ; On                 ; On                 ;
; Report Connectivity Checks                                                      ; On                 ; On                 ;
; Ignore Maximum Fan-Out Assignments                                              ; Off                ; Off                ;
; Synchronization Register Chain Length                                           ; 3                  ; 3                  ;
; PowerPlay Power Optimization During Synthesis                                   ; Normal compilation ; Normal compilation ;
; HDL message level                                                               ; Level2             ; Level2             ;
; Suppress Register Optimization Related Messages                                 ; Off                ; Off                ;
; Number of Removed Registers Reported in Synthesis Report                        ; 5000               ; 5000               ;
; Number of Swept Nodes Reported in Synthesis Report                              ; 5000               ; 5000               ;
; Number of Inverted Registers Reported in Synthesis Report                       ; 100                ; 100                ;
; Clock MUX Protection                                                            ; On                 ; On                 ;
; Auto Gated Clock Conversion                                                     ; Off                ; Off                ;
; Block Design Naming                                                             ; Auto               ; Auto               ;
; SDC constraint protection                                                       ; Off                ; Off                ;
; Synthesis Effort                                                                ; Auto               ; Auto               ;
; Shift Register Replacement - Allow Asynchronous Clear Signal                    ; On                 ; On                 ;
; Pre-Mapping Resynthesis Optimization                                            ; Off                ; Off                ;
; Analysis & Synthesis Message Level                                              ; Medium             ; Medium             ;
; Disable Register Merging Across Hierarchies                                     ; Auto               ; Auto               ;
; Resource Aware Inference For Block RAM                                          ; On                 ; On                 ;
; Automatic Parallel Synthesis                                                    ; On                 ; On                 ;
; Partial Reconfiguration Bitstream ID                                            ; Off                ; Off                ;
+---------------------------------------------------------------------------------+--------------------+--------------------+


+------------------------------------------+
; Parallel Compilation                     ;
+----------------------------+-------------+
; Processors                 ; Number      ;
+----------------------------+-------------+
; Number detected on machine ; 4           ;
; Maximum allowed            ; 2           ;
;                            ;             ;
; Average used               ; 1.00        ;
; Maximum used               ; 2           ;
;                            ;             ;
; Usage by Processor         ; % Time Used ;
;     Processor 1            ; 100.0%      ;
;     Processor 2            ;   0.0%      ;
+----------------------------+-------------+


+-----------------------------------------------------------------------------------------------------------------------------------------------+
; Analysis & Synthesis Source Files Read                                                                                                        ;
+----------------------------------+-----------------+------------------------------+-------------------------------------------------+---------+
; File Name with User-Entered Path ; Used in Netlist ; File Type                    ; File Name with Absolute Path                    ; Library ;
+----------------------------------+-----------------+------------------------------+-------------------------------------------------+---------+
; DE1_SoC.sv                       ; yes             ; User SystemVerilog HDL File  ; D:/Padia/EE371 Labs/Lab4/Task1/DE1_SoC.sv       ;         ;
; controller.sv                    ; yes             ; User SystemVerilog HDL File  ; D:/Padia/EE371 Labs/Lab4/Task1/controller.sv    ;         ;
; datapath.sv                      ; yes             ; User SystemVerilog HDL File  ; D:/Padia/EE371 Labs/Lab4/Task1/datapath.sv      ;         ;
; seg7.sv                          ; yes             ; User SystemVerilog HDL File  ; D:/Padia/EE371 Labs/Lab4/Task1/seg7.sv          ;         ;
; clock_divider.sv                 ; yes             ; User SystemVerilog HDL File  ; D:/Padia/EE371 Labs/Lab4/Task1/clock_divider.sv ;         ;
+----------------------------------+-----------------+------------------------------+-------------------------------------------------+---------+


+-----------------------------------------------------------------+
; Analysis & Synthesis Resource Usage Summary                     ;
+---------------------------------------------+-------------------+
; Resource                                    ; Usage             ;
+---------------------------------------------+-------------------+
; Estimate of Logic utilization (ALMs needed) ; 16                ;
;                                             ;                   ;
; Combinational ALUT usage for logic          ; 28                ;
;     -- 7 input functions                    ; 0                 ;
;     -- 6 input functions                    ; 4                 ;
;     -- 5 input functions                    ; 2                 ;
;     -- 4 input functions                    ; 8                 ;
;     -- <=3 input functions                  ; 14                ;
;                                             ;                   ;
; Dedicated logic registers                   ; 17                ;
;                                             ;                   ;
; I/O pins                                    ; 67                ;
;                                             ;                   ;
; Total DSP Blocks                            ; 0                 ;
;                                             ;                   ;
; Maximum fan-out node                        ; controller:c|ps~2 ;
; Maximum fan-out                             ; 16                ;
; Total fan-out                               ; 226               ;
; Average fan-out                             ; 1.26              ;
+---------------------------------------------+-------------------+


+--------------------------------------------------------------------------------------------------------------------------------------------------------------------------------------------------+
; Analysis & Synthesis Resource Utilization by Entity                                                                                                                                              ;
+----------------------------+---------------------+---------------------------+-------------------+------------+------+--------------+-----------------------------+---------------+--------------+
; Compilation Hierarchy Node ; Combinational ALUTs ; Dedicated Logic Registers ; Block Memory Bits ; DSP Blocks ; Pins ; Virtual Pins ; Full Hierarchy Name         ; Entity Name   ; Library Name ;
+----------------------------+---------------------+---------------------------+-------------------+------------+------+--------------+-----------------------------+---------------+--------------+
; |DE1_SoC                   ; 28 (0)              ; 17 (0)                    ; 0                 ; 0          ; 67   ; 0            ; |DE1_SoC                    ; DE1_SoC       ; work         ;
;    |clock_divider:cdiv|    ; 3 (3)               ; 3 (3)                     ; 0                 ; 0          ; 0    ; 0            ; |DE1_SoC|clock_divider:cdiv ; clock_divider ; work         ;
;    |controller:c|          ; 2 (2)               ; 2 (2)                     ; 0                 ; 0          ; 0    ; 0            ; |DE1_SoC|controller:c       ; controller    ; work         ;
;    |datapath:data|         ; 16 (16)             ; 12 (12)                   ; 0                 ; 0          ; 0    ; 0            ; |DE1_SoC|datapath:data      ; datapath      ; work         ;
;    |seg7:yo|               ; 7 (7)               ; 0 (0)                     ; 0                 ; 0          ; 0    ; 0            ; |DE1_SoC|seg7:yo            ; seg7          ; work         ;
+----------------------------+---------------------+---------------------------+-------------------+------------+------+--------------+-----------------------------+---------------+--------------+
Note: For table entries with two numbers listed, the numbers in parentheses indicate the number of resources of the given type used by the specific entity alone. The numbers listed outside of parentheses indicate the total resources of the given type used by the specific entity and all of its sub-entities in the hierarchy.


Encoding Type:  User-Encoded
+------------------------------------------+
; State Machine - |DE1_SoC|controller:c|ps ;
+-------+------+---------------------------+
; Name  ; ps~3 ; ps~2                      ;
+-------+------+---------------------------+
; ps.S1 ; 0    ; 0                         ;
; ps.S2 ; 0    ; 1                         ;
; ps.S3 ; 1    ; 0                         ;
+-------+------+---------------------------+


+---------------------------------------------------------------+
; Registers Removed During Synthesis                            ;
+------------------------------------------+--------------------+
; Register name                            ; Reason for Removal ;
+------------------------------------------+--------------------+
; clock_divider:cdiv|divided_clocks[3..31] ; Lost fanout        ;
; Total Number of Removed Registers = 29   ;                    ;
+------------------------------------------+--------------------+


+--------------------------------------------------------------------------------------------------------------------------------------------+
; Removed Registers Triggering Further Register Optimizations                                                                                ;
+---------------------------------------+--------------------+-------------------------------------------------------------------------------+
; Register name                         ; Reason for Removal ; Registers Removed due to This Register                                        ;
+---------------------------------------+--------------------+-------------------------------------------------------------------------------+
; clock_divider:cdiv|divided_clocks[31] ; Lost Fanouts       ; clock_divider:cdiv|divided_clocks[30], clock_divider:cdiv|divided_clocks[29], ;
;                                       ;                    ; clock_divider:cdiv|divided_clocks[28], clock_divider:cdiv|divided_clocks[27], ;
;                                       ;                    ; clock_divider:cdiv|divided_clocks[26], clock_divider:cdiv|divided_clocks[25], ;
;                                       ;                    ; clock_divider:cdiv|divided_clocks[24], clock_divider:cdiv|divided_clocks[23], ;
;                                       ;                    ; clock_divider:cdiv|divided_clocks[22], clock_divider:cdiv|divided_clocks[21], ;
;                                       ;                    ; clock_divider:cdiv|divided_clocks[20], clock_divider:cdiv|divided_clocks[19], ;
;                                       ;                    ; clock_divider:cdiv|divided_clocks[18], clock_divider:cdiv|divided_clocks[17], ;
;                                       ;                    ; clock_divider:cdiv|divided_clocks[16], clock_divider:cdiv|divided_clocks[15], ;
;                                       ;                    ; clock_divider:cdiv|divided_clocks[14], clock_divider:cdiv|divided_clocks[13], ;
;                                       ;                    ; clock_divider:cdiv|divided_clocks[12], clock_divider:cdiv|divided_clocks[11], ;
;                                       ;                    ; clock_divider:cdiv|divided_clocks[10], clock_divider:cdiv|divided_clocks[9],  ;
;                                       ;                    ; clock_divider:cdiv|divided_clocks[8], clock_divider:cdiv|divided_clocks[7],   ;
;                                       ;                    ; clock_divider:cdiv|divided_clocks[6], clock_divider:cdiv|divided_clocks[5],   ;
;                                       ;                    ; clock_divider:cdiv|divided_clocks[4], clock_divider:cdiv|divided_clocks[3]    ;
+---------------------------------------+--------------------+-------------------------------------------------------------------------------+


+------------------------------------------------------+
; General Register Statistics                          ;
+----------------------------------------------+-------+
; Statistic                                    ; Value ;
+----------------------------------------------+-------+
; Total registers                              ; 17    ;
; Number of registers using Synchronous Clear  ; 3     ;
; Number of registers using Synchronous Load   ; 0     ;
; Number of registers using Asynchronous Clear ; 0     ;
; Number of registers using Asynchronous Load  ; 0     ;
; Number of registers using Clock Enable       ; 11    ;
; Number of registers using Preset             ; 0     ;
+----------------------------------------------+-------+


+-------------------------------------------------------------------------------------------------------------------------------------------------+
; Multiplexer Restructuring Statistics (Restructuring Performed)                                                                                  ;
+--------------------+-----------+---------------+----------------------+------------------------+------------+-----------------------------------+
; Multiplexer Inputs ; Bus Width ; Baseline Area ; Area if Restructured ; Saving if Restructured ; Registered ; Example Multiplexer Output        ;
+--------------------+-----------+---------------+----------------------+------------------------+------------+-----------------------------------+
; 3:1                ; 4 bits    ; 8 LEs         ; 4 LEs                ; 4 LEs                  ; Yes        ; |DE1_SoC|datapath:data|counter[1] ;
; 3:1                ; 7 bits    ; 14 LEs        ; 7 LEs                ; 7 LEs                  ; Yes        ; |DE1_SoC|datapath:data|A_reg[0]   ;
+--------------------+-----------+---------------+----------------------+------------------------+------------+-----------------------------------+


+-------------------------------------------------------------------------+
; Parameter Settings for User Entity Instance: Top-level Entity: |DE1_SoC ;
+----------------+-------+------------------------------------------------+
; Parameter Name ; Value ; Type                                           ;
+----------------+-------+------------------------------------------------+
; whichClock     ; 2     ; Signed Integer                                 ;
+----------------+-------+------------------------------------------------+
Note: In order to hide this table in the UI and the text report file, please set the "Show Parameter Settings in Synthesis Report" option in "Analysis and Synthesis Settings -> More Settings" to "Off".


+---------------------------------------------------------------------------------------------------------------------------------+
; Port Connectivity Checks: "clock_divider:cdiv"                                                                                  ;
+-----------------------+--------+----------+-------------------------------------------------------------------------------------+
; Port                  ; Type   ; Severity ; Details                                                                             ;
+-----------------------+--------+----------+-------------------------------------------------------------------------------------+
; divided_clocks[31..3] ; Output ; Info     ; Connected to dangling logic. Logic that only feeds a dangling port will be removed. ;
; divided_clocks[1..0]  ; Output ; Info     ; Connected to dangling logic. Logic that only feeds a dangling port will be removed. ;
+-----------------------+--------+----------+-------------------------------------------------------------------------------------+


+-----------------------------------------------------+
; Post-Synthesis Netlist Statistics for Top Partition ;
+-----------------------+-----------------------------+
; Type                  ; Count                       ;
+-----------------------+-----------------------------+
; arriav_ff             ; 17                          ;
;     ENA               ; 11                          ;
;     SCLR              ; 3                           ;
;     plain             ; 3                           ;
; arriav_lcell_comb     ; 31                          ;
;     arith             ; 3                           ;
;         1 data inputs ; 3                           ;
;     normal            ; 28                          ;
;         0 data inputs ; 2                           ;
;         1 data inputs ; 1                           ;
;         2 data inputs ; 1                           ;
;         3 data inputs ; 10                          ;
;         4 data inputs ; 8                           ;
;         5 data inputs ; 2                           ;
;         6 data inputs ; 4                           ;
; boundary_port         ; 67                          ;
;                       ;                             ;
; Max LUT depth         ; 2.00                        ;
; Average LUT depth     ; 1.24                        ;
+-----------------------+-----------------------------+


+-------------------------------+
; Elapsed Time Per Partition    ;
+----------------+--------------+
; Partition Name ; Elapsed Time ;
+----------------+--------------+
; Top            ; 00:00:00     ;
+----------------+--------------+


+-------------------------------+
; Analysis & Synthesis Messages ;
+-------------------------------+
Info: *******************************************************************
Info: Running Quartus Prime Analysis & Synthesis
    Info: Version 17.0.0 Build 595 04/25/2017 SJ Lite Edition
    Info: Processing started: Sat Feb 23 06:25:36 2019
Info: Command: quartus_map --read_settings_files=on --write_settings_files=off DE1_SoC -c DE1_SoC
Warning (18236): Number of processors has not been specified which may cause overloading on shared machines.  Set the global assignment NUM_PARALLEL_PROCESSORS in your QSF to an appropriate value for best performance.
Info (20030): Parallel compilation is enabled and will use 2 of the 2 processors detected
Info (12021): Found 2 design units, including 2 entities, in source file de1_soc.sv
    Info (12023): Found entity 1: DE1_SoC File: D:/Padia/EE371 Labs/Lab4/Task1/DE1_SoC.sv Line: 1
    Info (12023): Found entity 2: DE1_SoC_testbench File: D:/Padia/EE371 Labs/Lab4/Task1/DE1_SoC.sv Line: 38
Info (12021): Found 2 design units, including 2 entities, in source file controller.sv
    Info (12023): Found entity 1: controller File: D:/Padia/EE371 Labs/Lab4/Task1/controller.sv Line: 1
    Info (12023): Found entity 2: controller_testbench File: D:/Padia/EE371 Labs/Lab4/Task1/controller.sv Line: 39
Info (12021): Found 2 design units, including 2 entities, in source file datapath.sv
    Info (12023): Found entity 1: datapath File: D:/Padia/EE371 Labs/Lab4/Task1/datapath.sv Line: 1
    Info (12023): Found entity 2: datapath_testbench File: D:/Padia/EE371 Labs/Lab4/Task1/datapath.sv Line: 24
Info (12021): Found 2 design units, including 2 entities, in source file seg7.sv
    Info (12023): Found entity 1: seg7 File: D:/Padia/EE371 Labs/Lab4/Task1/seg7.sv Line: 1
    Info (12023): Found entity 2: seg7_testbench File: D:/Padia/EE371 Labs/Lab4/Task1/seg7.sv Line: 50
Info (12021): Found 1 design units, including 1 entities, in source file clock_divider.sv
    Info (12023): Found entity 1: clock_divider File: D:/Padia/EE371 Labs/Lab4/Task1/clock_divider.sv Line: 3
Info (12127): Elaborating entity "DE1_SoC" for the top level hierarchy
Warning (10034): Output port "LEDR[8..0]" at DE1_SoC.sv(6) has no driver File: D:/Padia/EE371 Labs/Lab4/Task1/DE1_SoC.sv Line: 6
Info (12128): Elaborating entity "clock_divider" for hierarchy "clock_divider:cdiv" File: D:/Padia/EE371 Labs/Lab4/Task1/DE1_SoC.sv Line: 14
Info (12128): Elaborating entity "seg7" for hierarchy "seg7:yo" File: D:/Padia/EE371 Labs/Lab4/Task1/DE1_SoC.sv Line: 27
Info (12128): Elaborating entity "controller" for hierarchy "controller:c" File: D:/Padia/EE371 Labs/Lab4/Task1/DE1_SoC.sv Line: 30
Info (12128): Elaborating entity "datapath" for hierarchy "datapath:data" File: D:/Padia/EE371 Labs/Lab4/Task1/DE1_SoC.sv Line: 33
Warning (13024): Output pins are stuck at VCC or GND
    Warning (13410): Pin "HEX1[0]" is stuck at VCC File: D:/Padia/EE371 Labs/Lab4/Task1/DE1_SoC.sv Line: 5
    Warning (13410): Pin "HEX1[1]" is stuck at VCC File: D:/Padia/EE371 Labs/Lab4/Task1/DE1_SoC.sv Line: 5
    Warning (13410): Pin "HEX1[2]" is stuck at VCC File: D:/Padia/EE371 Labs/Lab4/Task1/DE1_SoC.sv Line: 5
    Warning (13410): Pin "HEX1[3]" is stuck at VCC File: D:/Padia/EE371 Labs/Lab4/Task1/DE1_SoC.sv Line: 5
    Warning (13410): Pin "HEX1[4]" is stuck at VCC File: D:/Padia/EE371 Labs/Lab4/Task1/DE1_SoC.sv Line: 5
    Warning (13410): Pin "HEX1[5]" is stuck at VCC File: D:/Padia/EE371 Labs/Lab4/Task1/DE1_SoC.sv Line: 5
    Warning (13410): Pin "HEX1[6]" is stuck at VCC File: D:/Padia/EE371 Labs/Lab4/Task1/DE1_SoC.sv Line: 5
    Warning (13410): Pin "HEX2[0]" is stuck at VCC File: D:/Padia/EE371 Labs/Lab4/Task1/DE1_SoC.sv Line: 5
    Warning (13410): Pin "HEX2[1]" is stuck at VCC File: D:/Padia/EE371 Labs/Lab4/Task1/DE1_SoC.sv Line: 5
    Warning (13410): Pin "HEX2[2]" is stuck at VCC File: D:/Padia/EE371 Labs/Lab4/Task1/DE1_SoC.sv Line: 5
    Warning (13410): Pin "HEX2[3]" is stuck at VCC File: D:/Padia/EE371 Labs/Lab4/Task1/DE1_SoC.sv Line: 5
    Warning (13410): Pin "HEX2[4]" is stuck at VCC File: D:/Padia/EE371 Labs/Lab4/Task1/DE1_SoC.sv Line: 5
    Warning (13410): Pin "HEX2[5]" is stuck at VCC File: D:/Padia/EE371 Labs/Lab4/Task1/DE1_SoC.sv Line: 5
    Warning (13410): Pin "HEX2[6]" is stuck at VCC File: D:/Padia/EE371 Labs/Lab4/Task1/DE1_SoC.sv Line: 5
    Warning (13410): Pin "HEX3[0]" is stuck at VCC File: D:/Padia/EE371 Labs/Lab4/Task1/DE1_SoC.sv Line: 5
    Warning (13410): Pin "HEX3[1]" is stuck at VCC File: D:/Padia/EE371 Labs/Lab4/Task1/DE1_SoC.sv Line: 5
    Warning (13410): Pin "HEX3[2]" is stuck at VCC File: D:/Padia/EE371 Labs/Lab4/Task1/DE1_SoC.sv Line: 5
    Warning (13410): Pin "HEX3[3]" is stuck at VCC File: D:/Padia/EE371 Labs/Lab4/Task1/DE1_SoC.sv Line: 5
    Warning (13410): Pin "HEX3[4]" is stuck at VCC File: D:/Padia/EE371 Labs/Lab4/Task1/DE1_SoC.sv Line: 5
    Warning (13410): Pin "HEX3[5]" is stuck at VCC File: D:/Padia/EE371 Labs/Lab4/Task1/DE1_SoC.sv Line: 5
    Warning (13410): Pin "HEX3[6]" is stuck at VCC File: D:/Padia/EE371 Labs/Lab4/Task1/DE1_SoC.sv Line: 5
    Warning (13410): Pin "HEX4[0]" is stuck at VCC File: D:/Padia/EE371 Labs/Lab4/Task1/DE1_SoC.sv Line: 5
    Warning (13410): Pin "HEX4[1]" is stuck at VCC File: D:/Padia/EE371 Labs/Lab4/Task1/DE1_SoC.sv Line: 5
    Warning (13410): Pin "HEX4[2]" is stuck at VCC File: D:/Padia/EE371 Labs/Lab4/Task1/DE1_SoC.sv Line: 5
    Warning (13410): Pin "HEX4[3]" is stuck at VCC File: D:/Padia/EE371 Labs/Lab4/Task1/DE1_SoC.sv Line: 5
    Warning (13410): Pin "HEX4[4]" is stuck at VCC File: D:/Padia/EE371 Labs/Lab4/Task1/DE1_SoC.sv Line: 5
    Warning (13410): Pin "HEX4[5]" is stuck at VCC File: D:/Padia/EE371 Labs/Lab4/Task1/DE1_SoC.sv Line: 5
    Warning (13410): Pin "HEX4[6]" is stuck at VCC File: D:/Padia/EE371 Labs/Lab4/Task1/DE1_SoC.sv Line: 5
    Warning (13410): Pin "HEX5[0]" is stuck at VCC File: D:/Padia/EE371 Labs/Lab4/Task1/DE1_SoC.sv Line: 5
    Warning (13410): Pin "HEX5[1]" is stuck at VCC File: D:/Padia/EE371 Labs/Lab4/Task1/DE1_SoC.sv Line: 5
    Warning (13410): Pin "HEX5[2]" is stuck at VCC File: D:/Padia/EE371 Labs/Lab4/Task1/DE1_SoC.sv Line: 5
    Warning (13410): Pin "HEX5[3]" is stuck at VCC File: D:/Padia/EE371 Labs/Lab4/Task1/DE1_SoC.sv Line: 5
    Warning (13410): Pin "HEX5[4]" is stuck at VCC File: D:/Padia/EE371 Labs/Lab4/Task1/DE1_SoC.sv Line: 5
    Warning (13410): Pin "HEX5[5]" is stuck at VCC File: D:/Padia/EE371 Labs/Lab4/Task1/DE1_SoC.sv Line: 5
    Warning (13410): Pin "HEX5[6]" is stuck at VCC File: D:/Padia/EE371 Labs/Lab4/Task1/DE1_SoC.sv Line: 5
    Warning (13410): Pin "LEDR[0]" is stuck at GND File: D:/Padia/EE371 Labs/Lab4/Task1/DE1_SoC.sv Line: 6
    Warning (13410): Pin "LEDR[1]" is stuck at GND File: D:/Padia/EE371 Labs/Lab4/Task1/DE1_SoC.sv Line: 6
    Warning (13410): Pin "LEDR[2]" is stuck at GND File: D:/Padia/EE371 Labs/Lab4/Task1/DE1_SoC.sv Line: 6
    Warning (13410): Pin "LEDR[3]" is stuck at GND File: D:/Padia/EE371 Labs/Lab4/Task1/DE1_SoC.sv Line: 6
    Warning (13410): Pin "LEDR[4]" is stuck at GND File: D:/Padia/EE371 Labs/Lab4/Task1/DE1_SoC.sv Line: 6
    Warning (13410): Pin "LEDR[5]" is stuck at GND File: D:/Padia/EE371 Labs/Lab4/Task1/DE1_SoC.sv Line: 6
    Warning (13410): Pin "LEDR[6]" is stuck at GND File: D:/Padia/EE371 Labs/Lab4/Task1/DE1_SoC.sv Line: 6
    Warning (13410): Pin "LEDR[7]" is stuck at GND File: D:/Padia/EE371 Labs/Lab4/Task1/DE1_SoC.sv Line: 6
    Warning (13410): Pin "LEDR[8]" is stuck at GND File: D:/Padia/EE371 Labs/Lab4/Task1/DE1_SoC.sv Line: 6
Info (286030): Timing-Driven Synthesis is running
Info (17049): 29 registers lost all their fanouts during netlist optimizations.
Info (144001): Generated suppressed messages file D:/Padia/EE371 Labs/Lab4/Task1/output_files/DE1_SoC.map.smsg
Info (16010): Generating hard_block partition "hard_block:auto_generated_inst"
    Info (16011): Adding 0 node(s), including 0 DDIO, 0 PLL, 0 transceiver and 0 LCELL
Warning (21074): Design contains 3 input pin(s) that do not drive logic
    Warning (15610): No output dependent on input pin "KEY[2]" File: D:/Padia/EE371 Labs/Lab4/Task1/DE1_SoC.sv Line: 3
    Warning (15610): No output dependent on input pin "KEY[3]" File: D:/Padia/EE371 Labs/Lab4/Task1/DE1_SoC.sv Line: 3
    Warning (15610): No output dependent on input pin "SW[8]" File: D:/Padia/EE371 Labs/Lab4/Task1/DE1_SoC.sv Line: 4
Info (21057): Implemented 95 device resources after synthesis - the final resource count might be different
    Info (21058): Implemented 15 input pins
    Info (21059): Implemented 52 output pins
    Info (21061): Implemented 28 logic cells
Info: Quartus Prime Analysis & Synthesis was successful. 0 errors, 51 warnings
    Info: Peak virtual memory: 4827 megabytes
    Info: Processing ended: Sat Feb 23 06:25:55 2019
    Info: Elapsed time: 00:00:19
    Info: Total CPU time (on all processors): 00:00:38


+------------------------------------------+
; Analysis & Synthesis Suppressed Messages ;
+------------------------------------------+
The suppressed messages can be found in D:/Padia/EE371 Labs/Lab4/Task1/output_files/DE1_SoC.map.smsg.


